<?xml version="1.0" encoding="UTF-8"?>
<!-- Generated by org.testng.reporters.JUnitReportReporter -->
<testsuite hostname="DESKTOP-0UN5JO6" failures="0" tests="5" name="testngparallel.TestNG_parallie_part2" time="189.106" errors="0" timestamp="2022-06-04T23:59:09 IST" skipped="0">
  <testcase classname="testngparallel.TestNG_parallie_part2" name="TC1" time="55.427"/>
  <system-out/>
  <testcase classname="testngparallel.TestNG_parallie_part2" name="TC1" time="58.255"/>
  <system-out/>
  <testcase classname="testngparallel.TestNG_parallie_part2" name="TC2" time="50.498"/>
  <system-out/>
  <testcase classname="testngparallel.TestNG_parallie_part2" name="TC3" time="0.002"/>
  <system-out/>
  <testcase classname="testngparallel.TestNG_parallie_part2" name="TC1" time="24.924"/>
  <system-out/>
</testsuite> <!-- testngparallel.TestNG_parallie_part2 -->
