<?xml version="1.0" encoding="UTF-8"?>
<!-- Generated by org.testng.reporters.JUnitReportReporter -->
<testsuite hostname="DESKTOP-0UN5JO6" failures="0" tests="2" name="hiii2.LoginTest" time="17.277" errors="0" timestamp="2022-06-05T00:02:57 IST" skipped="0">
  <testcase classname="hiii2.LoginTest" name="LaunchURLtest" time="12.308"/>
  <system-out>
    <![CDATA[Running browser is:chrome]]>
  </system-out>
  <testcase classname="hiii2.LoginTest" name="LaunchURLtest2" time="4.969"/>
  <system-out/>
</testsuite> <!-- hiii2.LoginTest -->
