<?xml version="1.0" encoding="UTF-8"?>
<!-- Generated by org.testng.reporters.JUnitReportReporter -->
<testsuite hostname="DESKTOP-0UN5JO6" failures="0" tests="5" name="testngparallel.TestNg_parallel_part1" time="102.107" errors="0" timestamp="2022-06-04T23:59:09 IST" skipped="0">
  <testcase classname="testngparallel.TestNg_parallel_part1" name="TC2" time="28.491"/>
  <system-out/>
  <testcase classname="testngparallel.TestNg_parallel_part1" name="TC1" time="21.624"/>
  <system-out/>
  <testcase classname="testngparallel.TestNg_parallel_part1" name="TC3" time="8.167"/>
  <system-out/>
  <testcase classname="testngparallel.TestNg_parallel_part1" name="TC1" time="22.276"/>
  <system-out/>
  <testcase classname="testngparallel.TestNg_parallel_part1" name="TC1" time="21.549"/>
  <system-out/>
</testsuite> <!-- testngparallel.TestNg_parallel_part1 -->
